<?xml version="1.0" encoding="UTF-8"?>
<!-- Generated by org.testng.reporters.JUnitReportReporter -->
<testsuite skipped="0" hostname="user-VAIO" name="com.crm.qa.testcases.LoginPageTest" tests="3" failures="0" timestamp="07 Jul 2018 12:14:56 GMT" time="98.266" errors="0">
  <testcase name="loginPageTitleTest" time="30.149" classname="com.crm.qa.testcases.LoginPageTest"/>
  <testcase name="crmLogoImageTest" time="14.186" classname="com.crm.qa.testcases.LoginPageTest"/>
  <testcase name="loginTest" time="53.931" classname="com.crm.qa.testcases.LoginPageTest"/>
</testsuite> <!-- com.crm.qa.testcases.LoginPageTest -->
