<?xml version="1.0" encoding="UTF-8"?>
<!-- Generated by org.testng.reporters.JUnitReportReporter -->
<testsuite skipped="0" hostname="user-VAIO" name="com.crm.qa.testcases.HomePageTest" tests="3" failures="0" timestamp="06 Jul 2018 20:45:10 GMT" time="109.588" errors="0">
  <testcase name="verifyHomePageTitleTest" time="42.924" classname="com.crm.qa.testcases.HomePageTest"/>
  <testcase name="verifyUserNameTest" time="33.176" classname="com.crm.qa.testcases.HomePageTest"/>
  <testcase name="verifyContactsLinkTest" time="33.488" classname="com.crm.qa.testcases.HomePageTest"/>
</testsuite> <!-- com.crm.qa.testcases.HomePageTest -->
