<?xml version="1.0" encoding="UTF-8"?>
<!-- Generated by org.testng.reporters.JUnitReportReporter -->
<testsuite skipped="0" hostname="user-VAIO" name="com.crm.qa.testcases.HomePageTest" tests="3" failures="0" timestamp="07 Jul 2018 12:14:56 GMT" time="81.137" errors="0">
  <testcase name="verifyHomePageTitleTest" time="20.975" classname="com.crm.qa.testcases.HomePageTest"/>
  <testcase name="verifyUserNameTest" time="25.357" classname="com.crm.qa.testcases.HomePageTest"/>
  <testcase name="verifyContactsLinkTest" time="34.805" classname="com.crm.qa.testcases.HomePageTest"/>
</testsuite> <!-- com.crm.qa.testcases.HomePageTest -->
