<?xml version="1.0" encoding="UTF-8"?>
<!-- Generated by org.testng.reporters.JUnitReportReporter -->
<testsuite skipped="0" hostname="user-VAIO" name="com.crm.qa.testcases.ContantsPageTest" tests="3" failures="0" timestamp="06 Jul 2018 20:22:57 GMT" time="101.212" errors="0">
  <testcase name="verifyContactsPageLabel" time="21.393" classname="com.crm.qa.testcases.ContantsPageTest"/>
  <testcase name="selectSingleContactsTest" time="21.903" classname="com.crm.qa.testcases.ContantsPageTest"/>
  <testcase name="selectMultipleContactsTest" time="57.916" classname="com.crm.qa.testcases.ContantsPageTest"/>
</testsuite> <!-- com.crm.qa.testcases.ContantsPageTest -->
