<?xml version="1.0" encoding="UTF-8"?>
<!-- Generated by org.testng.reporters.JUnitReportReporter -->
<testsuite skipped="0" hostname="user-VAIO" name="com.crm.qa.testcases.ContactsPageTest" tests="3" failures="0" timestamp="06 Jul 2018 20:45:10 GMT" time="142.274" errors="0">
  <testcase name="verifyContactsPageLabel" time="50.735" classname="com.crm.qa.testcases.ContactsPageTest"/>
  <testcase name="selectSingleContactsTest" time="29.456" classname="com.crm.qa.testcases.ContactsPageTest"/>
  <testcase name="selectMultipleContactsTest" time="62.083" classname="com.crm.qa.testcases.ContactsPageTest"/>
</testsuite> <!-- com.crm.qa.testcases.ContactsPageTest -->
