<?xml version="1.0" encoding="UTF-8"?>
<!-- Generated by org.testng.reporters.JUnitReportReporter -->
<testsuite skipped="0" hostname="user-VAIO" name="com.crm.qa.testcases.LoginPageTest" tests="3" failures="0" timestamp="03 Jul 2018 18:12:45 GMT" time="50.381" errors="0">
  <testcase name="loginPageTitleTest" time="17.568" classname="com.crm.qa.testcases.LoginPageTest"/>
  <testcase name="crmLogoImageTest" time="10.704" classname="com.crm.qa.testcases.LoginPageTest"/>
  <testcase name="loginTest" time="22.109" classname="com.crm.qa.testcases.LoginPageTest"/>
</testsuite> <!-- com.crm.qa.testcases.LoginPageTest -->
